<?xml version="1.0" encoding="UTF-8"?>
<beans xmlns="http://www.springframework.org/schema/beans"
       xmlns:xsi="http://www.w3.org/2001/XMLSchema-instance"
       xmlns:util="http://www.springframework.org/schema/util"
       xsi:schemaLocation="http://www.springframework.org/schema/beans
        http://www.springframework.org/schema/beans/spring-beans.xsd
        http://www.springframework.org/schema/util
        http://www.springframework.org/schema/util/spring-util.xsd">

    <bean id="dataSource" class="org.springframework.jdbc.datasource.DriverManagerDataSource">
        <property name="driverClassName" value="org.h2.Driver"/>
        <property name="url" value="jdbc:h2:~/test"/>
        <property name="username" value="test"/>
        <property name="password" value="test"/>
    </bean>

    <util:properties id="hibernateProps">
        <prop key="hibernate.dialect">org.hibernate.dialect.H2Dialect</prop>

        <prop key="hibernate.hbm2ddl.auto">create-drop</prop>
        <prop key="hibernate.format_sql">true</prop>
        <prop key="hibernate.use_sql_comments">true</prop>

        <!-- An improved naming strategy that prefers embedded underscores to mixed case names-->
        <prop key="hibernate.ejb.naming_strategy">org.hibernate.cfg.ImprovedNamingStrategy</prop>

        <prop key="hibernate.cache.provider_class">org.hibernate.cache.HashtableCacheProvider</prop>

        <prop key="hibernate.connection.release_mode">auto</prop>
    </util:properties>
</beans>